#0
Crowd Reputation: 0%
Error: 377 / 3160
Impossible: 0 / 3160
OK: 1086 / 3160
Infereds: 93 / 3160
Contributions: 38544
Valid Gold Entries:  1084
#1
Crowd Reputation: 0%
Error: 346 / 3160
Impossible: 0 / 3160
OK: 1099 / 3160
Infereds: 85 / 3160
Contributions: 39257
Valid Gold Entries:  1084
#2
Crowd Reputation: 0%
Error: 336 / 3160
Impossible: 0 / 3160
OK: 1062 / 3160
Infereds: 62 / 3160
Contributions: 38618
Valid Gold Entries:  1084
#3
Crowd Reputation: 0%
Error: 328 / 3160
Impossible: 0 / 3160
OK: 1089 / 3160
Infereds: 83 / 3160
Contributions: 38354
Valid Gold Entries:  1084
#4
Crowd Reputation: 0%
Error: 334 / 3160
Impossible: 0 / 3160
OK: 1105 / 3160
Infereds: 96 / 3160
Contributions: 38622
Valid Gold Entries:  1084
#5
Crowd Reputation: 0%
Error: 342 / 3160
Impossible: 0 / 3160
OK: 1101 / 3160
Infereds: 98 / 3160
Contributions: 38182
Valid Gold Entries:  1084
#6
Crowd Reputation: 0%
Error: 350 / 3160
Impossible: 0 / 3160
OK: 1083 / 3160
Infereds: 83 / 3160
Contributions: 38857
Valid Gold Entries:  1084
#7
Crowd Reputation: 0%
Error: 383 / 3160
Impossible: 0 / 3160
OK: 1082 / 3160
Infereds: 76 / 3160
Contributions: 38836
Valid Gold Entries:  1084
#8
Crowd Reputation: 0%
Error: 339 / 3160
Impossible: 0 / 3160
OK: 1080 / 3160
Infereds: 80 / 3160
Contributions: 38341
Valid Gold Entries:  1084
#9
Crowd Reputation: 0%
Error: 330 / 3160
Impossible: 0 / 3160
OK: 1082 / 3160
Infereds: 76 / 3160
Contributions: 38329
Valid Gold Entries:  1084
