#0
Crowd Reputation: 10%
Error: 245 / 3160
Impossible: 0 / 3160
OK: 1187 / 3160
Infereds: 147 / 3160
Contributions: 27882
Valid Gold Entries:  1084
#1
Crowd Reputation: 10%
Error: 237 / 3160
Impossible: 0 / 3160
OK: 1160 / 3160
Infereds: 121 / 3160
Contributions: 28875
Valid Gold Entries:  1084
#2
Crowd Reputation: 10%
Error: 250 / 3160
Impossible: 0 / 3160
OK: 1185 / 3160
Infereds: 148 / 3160
Contributions: 28609
Valid Gold Entries:  1084
#3
Crowd Reputation: 10%
Error: 218 / 3160
Impossible: 0 / 3160
OK: 1167 / 3160
Infereds: 123 / 3160
Contributions: 28691
Valid Gold Entries:  1084
#4
Crowd Reputation: 10%
Error: 264 / 3160
Impossible: 0 / 3160
OK: 1173 / 3160
Infereds: 151 / 3160
Contributions: 28919
Valid Gold Entries:  1084
#5
Crowd Reputation: 10%
Error: 240 / 3160
Impossible: 0 / 3160
OK: 1160 / 3160
Infereds: 126 / 3160
Contributions: 27601
Valid Gold Entries:  1084
#6
Crowd Reputation: 10%
Error: 251 / 3160
Impossible: 0 / 3160
OK: 1174 / 3160
Infereds: 144 / 3160
Contributions: 28157
Valid Gold Entries:  1084
#7
Crowd Reputation: 10%
Error: 263 / 3160
Impossible: 0 / 3160
OK: 1164 / 3160
Infereds: 139 / 3160
Contributions: 28254
Valid Gold Entries:  1084
#8
Crowd Reputation: 10%
Error: 246 / 3160
Impossible: 0 / 3160
OK: 1181 / 3160
Infereds: 141 / 3160
Contributions: 28892
Valid Gold Entries:  1084
#9
Crowd Reputation: 10%
Error: 243 / 3160
Impossible: 0 / 3160
OK: 1149 / 3160
Infereds: 121 / 3160
Contributions: 28928
Valid Gold Entries:  1084
