#0
Crowd Reputation: 100%
Error: 16 / 3160
Impossible: 0 / 3160
OK: 2048 / 3160
Infereds: 965 / 3160
Contributions: 11037
Valid Gold Entries:  1084
#1
Crowd Reputation: 100%
Error: 12 / 3160
Impossible: 0 / 3160
OK: 2178 / 3160
Infereds: 1096 / 3160
Contributions: 9727
Valid Gold Entries:  1084
#2
Crowd Reputation: 100%
Error: 12 / 3160
Impossible: 0 / 3160
OK: 2058 / 3160
Infereds: 974 / 3160
Contributions: 10582
Valid Gold Entries:  1084
#3
Crowd Reputation: 100%
Error: 7 / 3160
Impossible: 0 / 3160
OK: 2152 / 3160
Infereds: 1068 / 3160
Contributions: 10034
Valid Gold Entries:  1084
#4
Crowd Reputation: 100%
Error: 16 / 3160
Impossible: 0 / 3160
OK: 2130 / 3160
Infereds: 1049 / 3160
Contributions: 10204
Valid Gold Entries:  1084
#5
Crowd Reputation: 100%
Error: 17 / 3160
Impossible: 0 / 3160
OK: 2089 / 3160
Infereds: 1007 / 3160
Contributions: 10639
Valid Gold Entries:  1084
#6
Crowd Reputation: 100%
Error: 14 / 3160
Impossible: 0 / 3160
OK: 2034 / 3160
Infereds: 952 / 3160
Contributions: 10559
Valid Gold Entries:  1084
#7
Crowd Reputation: 100%
Error: 8 / 3160
Impossible: 0 / 3160
OK: 2124 / 3160
Infereds: 1041 / 3160
Contributions: 10078
Valid Gold Entries:  1084
#8
Crowd Reputation: 100%
Error: 10 / 3160
Impossible: 0 / 3160
OK: 2215 / 3160
Infereds: 1133 / 3160
Contributions: 9501
Valid Gold Entries:  1084
#9
Crowd Reputation: 100%
Error: 10 / 3160
Impossible: 0 / 3160
OK: 2040 / 3160
Infereds: 956 / 3160
Contributions: 10700
Valid Gold Entries:  1084
