#0
Crowd Reputation: 20%
Error: 188 / 3160
Impossible: 0 / 3160
OK: 1285 / 3160
Infereds: 229 / 3160
Contributions: 22303
Valid Gold Entries:  1084
#1
Crowd Reputation: 20%
Error: 169 / 3160
Impossible: 0 / 3160
OK: 1269 / 3160
Infereds: 221 / 3160
Contributions: 22293
Valid Gold Entries:  1084
#2
Crowd Reputation: 20%
Error: 166 / 3160
Impossible: 0 / 3160
OK: 1243 / 3160
Infereds: 185 / 3160
Contributions: 22440
Valid Gold Entries:  1084
#3
Crowd Reputation: 20%
Error: 172 / 3160
Impossible: 0 / 3160
OK: 1275 / 3160
Infereds: 218 / 3160
Contributions: 21953
Valid Gold Entries:  1084
#4
Crowd Reputation: 20%
Error: 186 / 3160
Impossible: 0 / 3160
OK: 1281 / 3160
Infereds: 220 / 3160
Contributions: 22217
Valid Gold Entries:  1084
#5
Crowd Reputation: 20%
Error: 167 / 3160
Impossible: 0 / 3160
OK: 1237 / 3160
Infereds: 185 / 3160
Contributions: 22725
Valid Gold Entries:  1084
#6
Crowd Reputation: 20%
Error: 173 / 3160
Impossible: 0 / 3160
OK: 1282 / 3160
Infereds: 225 / 3160
Contributions: 21950
Valid Gold Entries:  1084
#7
Crowd Reputation: 20%
Error: 170 / 3160
Impossible: 0 / 3160
OK: 1258 / 3160
Infereds: 203 / 3160
Contributions: 22574
Valid Gold Entries:  1084
#8
Crowd Reputation: 20%
Error: 174 / 3160
Impossible: 0 / 3160
OK: 1272 / 3160
Infereds: 219 / 3160
Contributions: 22222
Valid Gold Entries:  1084
#9
Crowd Reputation: 20%
Error: 169 / 3160
Impossible: 0 / 3160
OK: 1253 / 3160
Infereds: 199 / 3160
Contributions: 22664
Valid Gold Entries:  1084
