#0
Crowd Reputation: 30%
Error: 117 / 3160
Impossible: 0 / 3160
OK: 1382 / 3160
Infereds: 317 / 3160
Contributions: 18040
Valid Gold Entries:  1084
#1
Crowd Reputation: 30%
Error: 126 / 3160
Impossible: 0 / 3160
OK: 1375 / 3160
Infereds: 318 / 3160
Contributions: 18292
Valid Gold Entries:  1084
#2
Crowd Reputation: 30%
Error: 113 / 3160
Impossible: 0 / 3160
OK: 1372 / 3160
Infereds: 306 / 3160
Contributions: 18317
Valid Gold Entries:  1084
#3
Crowd Reputation: 30%
Error: 131 / 3160
Impossible: 0 / 3160
OK: 1369 / 3160
Infereds: 308 / 3160
Contributions: 18473
Valid Gold Entries:  1084
#4
Crowd Reputation: 30%
Error: 122 / 3160
Impossible: 0 / 3160
OK: 1338 / 3160
Infereds: 281 / 3160
Contributions: 18670
Valid Gold Entries:  1084
#5
Crowd Reputation: 30%
Error: 112 / 3160
Impossible: 0 / 3160
OK: 1377 / 3160
Infereds: 317 / 3160
Contributions: 18284
Valid Gold Entries:  1084
#6
Crowd Reputation: 30%
Error: 130 / 3160
Impossible: 0 / 3160
OK: 1370 / 3160
Infereds: 310 / 3160
Contributions: 18259
Valid Gold Entries:  1084
#7
Crowd Reputation: 30%
Error: 138 / 3160
Impossible: 0 / 3160
OK: 1352 / 3160
Infereds: 296 / 3160
Contributions: 19153
Valid Gold Entries:  1084
#8
Crowd Reputation: 30%
Error: 124 / 3160
Impossible: 0 / 3160
OK: 1370 / 3160
Infereds: 307 / 3160
Contributions: 18592
Valid Gold Entries:  1084
#9
Crowd Reputation: 30%
Error: 116 / 3160
Impossible: 0 / 3160
OK: 1350 / 3160
Infereds: 285 / 3160
Contributions: 18564
Valid Gold Entries:  1084
