#0
Crowd Reputation: 40%
Error: 94 / 3160
Impossible: 0 / 3160
OK: 1466 / 3160
Infereds: 399 / 3160
Contributions: 15550
Valid Gold Entries:  1084
#1
Crowd Reputation: 40%
Error: 85 / 3160
Impossible: 0 / 3160
OK: 1483 / 3160
Infereds: 411 / 3160
Contributions: 15561
Valid Gold Entries:  1084
#2
Crowd Reputation: 40%
Error: 96 / 3160
Impossible: 0 / 3160
OK: 1454 / 3160
Infereds: 382 / 3160
Contributions: 15449
Valid Gold Entries:  1084
#3
Crowd Reputation: 40%
Error: 86 / 3160
Impossible: 0 / 3160
OK: 1460 / 3160
Infereds: 389 / 3160
Contributions: 15607
Valid Gold Entries:  1084
#4
Crowd Reputation: 40%
Error: 92 / 3160
Impossible: 0 / 3160
OK: 1465 / 3160
Infereds: 393 / 3160
Contributions: 15604
Valid Gold Entries:  1084
#5
Crowd Reputation: 40%
Error: 91 / 3160
Impossible: 0 / 3160
OK: 1473 / 3160
Infereds: 402 / 3160
Contributions: 15481
Valid Gold Entries:  1084
#6
Crowd Reputation: 40%
Error: 91 / 3160
Impossible: 0 / 3160
OK: 1470 / 3160
Infereds: 397 / 3160
Contributions: 16226
Valid Gold Entries:  1084
#7
Crowd Reputation: 40%
Error: 95 / 3160
Impossible: 0 / 3160
OK: 1465 / 3160
Infereds: 395 / 3160
Contributions: 15535
Valid Gold Entries:  1084
#8
Crowd Reputation: 40%
Error: 81 / 3160
Impossible: 0 / 3160
OK: 1476 / 3160
Infereds: 404 / 3160
Contributions: 15299
Valid Gold Entries:  1084
#9
Crowd Reputation: 40%
Error: 88 / 3160
Impossible: 0 / 3160
OK: 1481 / 3160
Infereds: 411 / 3160
Contributions: 15556
Valid Gold Entries:  1084
