#0
Crowd Reputation: 50%
Error: 74 / 3160
Impossible: 0 / 3160
OK: 1575 / 3160
Infereds: 505 / 3160
Contributions: 13615
Valid Gold Entries:  1084
#1
Crowd Reputation: 50%
Error: 57 / 3160
Impossible: 0 / 3160
OK: 1586 / 3160
Infereds: 515 / 3160
Contributions: 13582
Valid Gold Entries:  1084
#2
Crowd Reputation: 50%
Error: 72 / 3160
Impossible: 0 / 3160
OK: 1562 / 3160
Infereds: 490 / 3160
Contributions: 13700
Valid Gold Entries:  1084
#3
Crowd Reputation: 50%
Error: 83 / 3160
Impossible: 0 / 3160
OK: 1583 / 3160
Infereds: 509 / 3160
Contributions: 13372
Valid Gold Entries:  1084
#4
Crowd Reputation: 50%
Error: 74 / 3160
Impossible: 0 / 3160
OK: 1555 / 3160
Infereds: 484 / 3160
Contributions: 13615
Valid Gold Entries:  1084
#5
Crowd Reputation: 50%
Error: 55 / 3160
Impossible: 0 / 3160
OK: 1584 / 3160
Infereds: 514 / 3160
Contributions: 13564
Valid Gold Entries:  1084
#6
Crowd Reputation: 50%
Error: 62 / 3160
Impossible: 0 / 3160
OK: 1630 / 3160
Infereds: 558 / 3160
Contributions: 13536
Valid Gold Entries:  1084
#7
Crowd Reputation: 50%
Error: 62 / 3160
Impossible: 0 / 3160
OK: 1592 / 3160
Infereds: 514 / 3160
Contributions: 13625
Valid Gold Entries:  1084
#8
Crowd Reputation: 50%
Error: 62 / 3160
Impossible: 0 / 3160
OK: 1576 / 3160
Infereds: 502 / 3160
Contributions: 13746
Valid Gold Entries:  1084
#9
Crowd Reputation: 50%
Error: 60 / 3160
Impossible: 0 / 3160
OK: 1587 / 3160
Infereds: 517 / 3160
Contributions: 13598
Valid Gold Entries:  1084
