#0
Crowd Reputation: 60%
Error: 48 / 3160
Impossible: 0 / 3160
OK: 1675 / 3160
Infereds: 599 / 3160
Contributions: 12266
Valid Gold Entries:  1084
#1
Crowd Reputation: 60%
Error: 62 / 3160
Impossible: 0 / 3160
OK: 1681 / 3160
Infereds: 607 / 3160
Contributions: 12417
Valid Gold Entries:  1084
#2
Crowd Reputation: 60%
Error: 51 / 3160
Impossible: 0 / 3160
OK: 1680 / 3160
Infereds: 602 / 3160
Contributions: 12106
Valid Gold Entries:  1084
#3
Crowd Reputation: 60%
Error: 36 / 3160
Impossible: 0 / 3160
OK: 1683 / 3160
Infereds: 608 / 3160
Contributions: 12163
Valid Gold Entries:  1084
#4
Crowd Reputation: 60%
Error: 56 / 3160
Impossible: 0 / 3160
OK: 1643 / 3160
Infereds: 568 / 3160
Contributions: 12401
Valid Gold Entries:  1084
#5
Crowd Reputation: 60%
Error: 36 / 3160
Impossible: 0 / 3160
OK: 1669 / 3160
Infereds: 591 / 3160
Contributions: 12420
Valid Gold Entries:  1084
#6
Crowd Reputation: 60%
Error: 55 / 3160
Impossible: 0 / 3160
OK: 1676 / 3160
Infereds: 603 / 3160
Contributions: 12483
Valid Gold Entries:  1084
#7
Crowd Reputation: 60%
Error: 54 / 3160
Impossible: 0 / 3160
OK: 1670 / 3160
Infereds: 595 / 3160
Contributions: 12015
Valid Gold Entries:  1084
#8
Crowd Reputation: 60%
Error: 41 / 3160
Impossible: 0 / 3160
OK: 1660 / 3160
Infereds: 577 / 3160
Contributions: 12578
Valid Gold Entries:  1084
#9
Crowd Reputation: 60%
Error: 53 / 3160
Impossible: 0 / 3160
OK: 1693 / 3160
Infereds: 614 / 3160
Contributions: 12211
Valid Gold Entries:  1084
