#0
Crowd Reputation: 70%
Error: 35 / 3160
Impossible: 0 / 3160
OK: 1732 / 3160
Infereds: 652 / 3160
Contributions: 11595
Valid Gold Entries:  1084
#1
Crowd Reputation: 70%
Error: 37 / 3160
Impossible: 0 / 3160
OK: 1834 / 3160
Infereds: 753 / 3160
Contributions: 11078
Valid Gold Entries:  1084
#2
Crowd Reputation: 70%
Error: 37 / 3160
Impossible: 0 / 3160
OK: 1837 / 3160
Infereds: 760 / 3160
Contributions: 10944
Valid Gold Entries:  1084
#3
Crowd Reputation: 70%
Error: 39 / 3160
Impossible: 0 / 3160
OK: 1843 / 3160
Infereds: 770 / 3160
Contributions: 10972
Valid Gold Entries:  1084
#4
Crowd Reputation: 70%
Error: 31 / 3160
Impossible: 0 / 3160
OK: 1782 / 3160
Infereds: 703 / 3160
Contributions: 11249
Valid Gold Entries:  1084
#5
Crowd Reputation: 70%
Error: 36 / 3160
Impossible: 0 / 3160
OK: 1828 / 3160
Infereds: 748 / 3160
Contributions: 10895
Valid Gold Entries:  1084
#6
Crowd Reputation: 70%
Error: 46 / 3160
Impossible: 0 / 3160
OK: 1764 / 3160
Infereds: 687 / 3160
Contributions: 11349
Valid Gold Entries:  1084
#7
Crowd Reputation: 70%
Error: 36 / 3160
Impossible: 0 / 3160
OK: 1757 / 3160
Infereds: 677 / 3160
Contributions: 11296
Valid Gold Entries:  1084
#8
Crowd Reputation: 70%
Error: 51 / 3160
Impossible: 0 / 3160
OK: 1713 / 3160
Infereds: 634 / 3160
Contributions: 11549
Valid Gold Entries:  1084
#9
Crowd Reputation: 70%
Error: 32 / 3160
Impossible: 0 / 3160
OK: 1755 / 3160
Infereds: 674 / 3160
Contributions: 11276
Valid Gold Entries:  1084
