#0
Crowd Reputation: 80%
Error: 26 / 3160
Impossible: 0 / 3160
OK: 1875 / 3160
Infereds: 795 / 3160
Contributions: 10794
Valid Gold Entries:  1084
#1
Crowd Reputation: 80%
Error: 23 / 3160
Impossible: 0 / 3160
OK: 1964 / 3160
Infereds: 882 / 3160
Contributions: 10231
Valid Gold Entries:  1084
#2
Crowd Reputation: 80%
Error: 35 / 3160
Impossible: 0 / 3160
OK: 1852 / 3160
Infereds: 771 / 3160
Contributions: 10828
Valid Gold Entries:  1084
#3
Crowd Reputation: 80%
Error: 34 / 3160
Impossible: 0 / 3160
OK: 1866 / 3160
Infereds: 788 / 3160
Contributions: 10683
Valid Gold Entries:  1084
#4
Crowd Reputation: 80%
Error: 23 / 3160
Impossible: 0 / 3160
OK: 1800 / 3160
Infereds: 720 / 3160
Contributions: 11130
Valid Gold Entries:  1084
#5
Crowd Reputation: 80%
Error: 20 / 3160
Impossible: 0 / 3160
OK: 1873 / 3160
Infereds: 793 / 3160
Contributions: 10631
Valid Gold Entries:  1084
#6
Crowd Reputation: 80%
Error: 19 / 3160
Impossible: 0 / 3160
OK: 1867 / 3160
Infereds: 786 / 3160
Contributions: 10759
Valid Gold Entries:  1084
#7
Crowd Reputation: 80%
Error: 24 / 3160
Impossible: 0 / 3160
OK: 1905 / 3160
Infereds: 822 / 3160
Contributions: 10265
Valid Gold Entries:  1084
#8
Crowd Reputation: 80%
Error: 29 / 3160
Impossible: 0 / 3160
OK: 1921 / 3160
Infereds: 839 / 3160
Contributions: 10340
Valid Gold Entries:  1084
#9
Crowd Reputation: 80%
Error: 38 / 3160
Impossible: 0 / 3160
OK: 1875 / 3160
Infereds: 795 / 3160
Contributions: 10640
Valid Gold Entries:  1084
