#0
Crowd Reputation: 90%
Error: 19 / 3160
Impossible: 0 / 3160
OK: 2085 / 3160
Infereds: 1004 / 3160
Contributions: 9634
Valid Gold Entries:  1084
#1
Crowd Reputation: 90%
Error: 11 / 3160
Impossible: 0 / 3160
OK: 2036 / 3160
Infereds: 954 / 3160
Contributions: 10012
Valid Gold Entries:  1084
#2
Crowd Reputation: 90%
Error: 22 / 3160
Impossible: 0 / 3160
OK: 1888 / 3160
Infereds: 807 / 3160
Contributions: 10685
Valid Gold Entries:  1084
#3
Crowd Reputation: 90%
Error: 23 / 3160
Impossible: 0 / 3160
OK: 2014 / 3160
Infereds: 931 / 3160
Contributions: 10163
Valid Gold Entries:  1084
#4
Crowd Reputation: 90%
Error: 12 / 3160
Impossible: 0 / 3160
OK: 2093 / 3160
Infereds: 1012 / 3160
Contributions: 9712
Valid Gold Entries:  1084
#5
Crowd Reputation: 90%
Error: 16 / 3160
Impossible: 0 / 3160
OK: 1945 / 3160
Infereds: 862 / 3160
Contributions: 10530
Valid Gold Entries:  1084
#6
Crowd Reputation: 90%
Error: 23 / 3160
Impossible: 0 / 3160
OK: 1933 / 3160
Infereds: 853 / 3160
Contributions: 10778
Valid Gold Entries:  1084
#7
Crowd Reputation: 90%
Error: 13 / 3160
Impossible: 0 / 3160
OK: 1986 / 3160
Infereds: 902 / 3160
Contributions: 10065
Valid Gold Entries:  1084
#8
Crowd Reputation: 90%
Error: 21 / 3160
Impossible: 0 / 3160
OK: 1990 / 3160
Infereds: 911 / 3160
Contributions: 10077
Valid Gold Entries:  1084
#9
Crowd Reputation: 90%
Error: 19 / 3160
Impossible: 0 / 3160
OK: 1907 / 3160
Infereds: 825 / 3160
Contributions: 10808
Valid Gold Entries:  1084
